jax.errors.SimplifiedTraceback: For simplicity, JAX has removed its internal frames from the traceback of the following exception. Set JAX_TRACEBACK_FILTERING=off to include these.

The above exception was the direct cause of the following exception:

Traceback (most recent call last):
  File "/home/dqy/NeuralPlanex/Planax_lczh/Planax_lczh/lczh_controller/formation-main/AeroPlanax/train_heading_pitch_V_discrete.py", line 546, in <module>
    out = train_jit(rng)
  File "/home/dqy/NeuralPlanex/Planax_lczh/Planax_lczh/lczh_controller/formation-main/AeroPlanax/train_heading_pitch_V_discrete.py", line 219, in train
    obsv, env_state = jax.vmap(env.reset, in_axes=(0))(reset_rng)
  File "/home/dqy/NeuralPlanex/Planax_lczh/Planax_lczh/lczh_controller/formation-main/AeroPlanax/envs/wrappers.py", line 53, in reset
    obs, env_state = self._env.reset(key)
  File "/home/dqy/NeuralPlanex/Planax_lczh/Planax_lczh/lczh_controller/formation-main/AeroPlanax/envs/aeroplanax.py", line 164, in reset
    init_state = self._init_state(key, params)
  File "/home/dqy/NeuralPlanex/Planax_lczh/Planax_lczh/lczh_controller/formation-main/AeroPlanax/envs/aeroplanax_heading_pitch_V.py", line 126, in _init_state
    state = Heading_Pitch_V_TaskState.create(state, extra_state=jnp.zeros((3, self.num_agents)))  # 改为3个目标
  File "/home/dqy/NeuralPlanex/Planax_lczh/Planax_lczh/lczh_controller/formation-main/AeroPlanax/envs/aeroplanax_heading_pitch_V.py", line 39, in create
    return cls(
TypeError: Heading_Pitch_V_TaskState.__init__() missing 1 required positional argument: 'pre_rewards'
